1683355996294	geckodriver	INFO	Listening on 127.0.0.1:47681
1683355996348	mozrunner::runner	INFO	Running command: "/usr/bin/firefox" "--marionette" "--remote-debugging-port" "48287" "--remote-allow-hosts" "localhost" "-no-remote" "-profile" "/tmp/rust_mozprofileOO9Wex"
console.warn: services.settings: Ignoring preference override of remote settings server
console.warn: services.settings: Allow by setting MOZ_REMOTE_SETTINGS_DEVTOOLS=1 in the environment
[GFX1-]: glxtest: VA-API test failed: failed to initialise VAAPI connection.
ATTENTION: default value of option mesa_glthread overridden by environment.
ATTENTION: default value of option mesa_glthread overridden by environment.
ATTENTION: default value of option mesa_glthread overridden by environment.
ATTENTION: default value of option mesa_glthread overridden by environment.
1683355997170	Marionette	INFO	Marionette enabled
1683355997174	Marionette	INFO	Listening on port 39777
Read port: 39777
WebDriver BiDi listening on ws://127.0.0.1:48287
1683355997342	RemoteAgent	WARN	TLS certificate errors will be ignored for this session
console.error: ({})
console.warn: SearchSettings: "get: No settings file exists, new profile?" (new NotFoundError("Could not open the file at /tmp/rust_mozprofileOO9Wex/search.json.mozlz4", (void 0)))
[ERROR glean_core] Error setting metrics feature config: Json(Error("EOF while parsing a value", line: 1, column: 0))
DevTools listening on ws://127.0.0.1:48287/devtools/browser/83b88006-501a-4d1d-bc90-d5a53e0e7d29
console.warn: LoginRecipes: "Falling back to a synchronous message for: https://www.imdb.com."
console.warn: LoginRecipes: "Falling back to a synchronous message for: https://www.imdb.com."
JavaScript warning: https://images-na.ssl-images-amazon.com/images/I/81V9+eW3UOL.js?AUIClients/FWCIMAssets, line 298: WEBGL_debug_renderer_info is deprecated in Firefox and will be removed. Please use RENDERER.
JavaScript warning: https://images-na.ssl-images-amazon.com/images/I/81V9+eW3UOL.js?AUIClients/FWCIMAssets, line 298: WEBGL_debug_renderer_info is deprecated in Firefox and will be removed. Please use RENDERER.
1683356099042	Marionette	INFO	Stopped listening on port 39777
