1683626152763	geckodriver	INFO	Listening on 127.0.0.1:51235
1683626152811	mozrunner::runner	INFO	Running command: "/usr/bin/firefox" "--marionette" "--remote-debugging-port" "38733" "--remote-allow-hosts" "localhost" "-no-remote" "-profile" "/tmp/rust_mozprofile8KERJE"
console.warn: services.settings: Ignoring preference override of remote settings server
console.warn: services.settings: Allow by setting MOZ_REMOTE_SETTINGS_DEVTOOLS=1 in the environment
[GFX1-]: glxtest: VA-API test failed: failed to initialise VAAPI connection.
ATTENTION: default value of option mesa_glthread overridden by environment.
ATTENTION: default value of option mesa_glthread overridden by environment.
ATTENTION: default value of option mesa_glthread overridden by environment.
ATTENTION: default value of option mesa_glthread overridden by environment.
1683626153499	Marionette	INFO	Marionette enabled
1683626153507	Marionette	INFO	Listening on port 33593
Read port: 33593
WebDriver BiDi listening on ws://127.0.0.1:38733
1683626153657	RemoteAgent	WARN	TLS certificate errors will be ignored for this session
console.error: ({})
console.warn: SearchSettings: "get: No settings file exists, new profile?" (new NotFoundError("Could not open the file at /tmp/rust_mozprofile8KERJE/search.json.mozlz4", (void 0)))
[ERROR glean_core] Error setting metrics feature config: Json(Error("EOF while parsing a value", line: 1, column: 0))
DevTools listening on ws://127.0.0.1:38733/devtools/browser/6b3c9b65-5164-4b26-a32c-d9e086f77879
console.error: "update.locale" " file doesn't exist in either the application or GRE directories"
1683626464379	Marionette	INFO	Stopped listening on port 33593
